<?xml version="1.0" encoding="UTF-8"?>
<testng-results skipped="0" failed="0" ignored="0" total="1" passed="1">
  <reporter-output>
  </reporter-output>
  <suite name="Default suite" duration-ms="72" started-at="2017-05-25T11:23:10Z" finished-at="2017-05-25T11:23:10Z">
    <groups>
    </groups>
    <test name="Default test" duration-ms="72" started-at="2017-05-25T11:23:10Z" finished-at="2017-05-25T11:23:10Z">
      <class name="RunInJenkins">
        <test-method status="PASS" signature="displayTest()[pri:0, instance:RunInJenkins@d8355a8]" name="displayTest" duration-ms="26" started-at="2017-05-25T12:23:10Z" finished-at="2017-05-25T12:23:10Z">
          <reporter-output>
          </reporter-output>
        </test-method> <!-- displayTest -->
      </class> <!-- RunInJenkins -->
    </test> <!-- Default test -->
  </suite> <!-- Default suite -->
</testng-results>
